<?xml version="1.0" encoding="UTF-8"?>
<testng-results ignored="0" total="1" passed="1" failed="0" skipped="0">
  <reporter-output>
  </reporter-output>
  <suite started-at="2024-02-23T09:33:19 IST" name="Default suite" finished-at="2024-02-23T09:33:20 IST" duration-ms="1161">
    <groups>
      <group name="cucumber">
        <method signature="AbstractTestNGCucumberTests.runScenario(io.cucumber.testng.PickleWrapper,io.cucumber.testng.FeatureWrapper)[pri:0, instance:runner.ProfileRunner@66f57048]" name="runScenario" class="io.cucumber.testng.AbstractTestNGCucumberTests"/>
      </group> <!-- cucumber -->
    </groups>
    <test started-at="2024-02-23T09:33:19 IST" name="Default test" finished-at="2024-02-23T09:33:20 IST" duration-ms="1161">
      <class name="runner.ProfileRunner">
        <test-method is-config="true" signature="setUpClass(org.testng.ITestContext)[pri:0, instance:runner.ProfileRunner@66f57048]" started-at="2024-02-23T09:33:19 IST" name="setUpClass" finished-at="2024-02-23T09:33:20 IST" duration-ms="654" status="PASS">
          <params>
            <param index="0">
              <value>
                <![CDATA[org.testng.TestRunner@1e1d3956]]>
              </value>
            </param>
          </params>
          <reporter-output>
          </reporter-output>
        </test-method> <!-- setUpClass -->
        <test-method signature="runScenario(io.cucumber.testng.PickleWrapper,io.cucumber.testng.FeatureWrapper)[pri:0, instance:runner.ProfileRunner@66f57048]" started-at="2024-02-23T09:33:20 IST" name="runScenario" description="Runs Cucumber Scenarios" data-provider="scenarios" finished-at="2024-02-23T09:33:20 IST" duration-ms="358" status="PASS">
          <params>
            <param index="0">
              <value>
                <![CDATA["verification of add profile"]]>
              </value>
            </param>
            <param index="1">
              <value>
                <![CDATA["Profile functionality"]]>
              </value>
            </param>
          </params>
          <reporter-output>
          </reporter-output>
        </test-method> <!-- runScenario -->
        <test-method is-config="true" signature="tearDownClass()[pri:0, instance:runner.ProfileRunner@66f57048]" started-at="2024-02-23T09:33:20 IST" name="tearDownClass" finished-at="2024-02-23T09:33:20 IST" duration-ms="7" status="PASS">
          <reporter-output>
          </reporter-output>
        </test-method> <!-- tearDownClass -->
      </class> <!-- runner.ProfileRunner -->
    </test> <!-- Default test -->
  </suite> <!-- Default suite -->
</testng-results>
